<?xml version="1.0" encoding="UTF-8"?>
<testng-results skipped="0" failed="0" ignored="0" total="1" passed="1">
  <reporter-output>
  </reporter-output>
  <suite name="Default suite" duration-ms="17670" started-at="2018-12-04T05:59:06Z" finished-at="2018-12-04T05:59:23Z">
    <groups>
    </groups>
    <test name="Default test" duration-ms="17670" started-at="2018-12-04T05:59:06Z" finished-at="2018-12-04T05:59:23Z">
      <class name="testPOM.CreateAccountWithTestFactory">
        <test-method status="PASS" signature="setup()[pri:0, instance:testPOM.CreateAccountWithTestFactory@15d0c81b]" name="setup" is-config="true" duration-ms="6847" started-at="2018-12-04T05:59:06Z" finished-at="2018-12-04T05:59:13Z">
          <reporter-output>
          </reporter-output>
        </test-method> <!-- setup -->
        <test-method status="PASS" signature="register()[pri:0, instance:testPOM.CreateAccountWithTestFactory@15d0c81b]" name="register" duration-ms="10779" started-at="2018-12-04T05:59:13Z" finished-at="2018-12-04T05:59:23Z">
          <reporter-output>
          </reporter-output>
        </test-method> <!-- register -->
      </class> <!-- testPOM.CreateAccountWithTestFactory -->
    </test> <!-- Default test -->
  </suite> <!-- Default suite -->
</testng-results>
